c:\users\cyl\documents\pd_2021_a\c2021-1\实验\myfivechess\myfivechess\myfivechess\x64\debug\vc143.pdb
c:\users\cyl\documents\pd_2021_a\c2021-1\实验\myfivechess\myfivechess\myfivechess\x64\debug\vc143.idb
c:\users\cyl\documents\pd_2021_a\c2021-1\实验\myfivechess\myfivechess\myfivechess\x64\debug\ui.obj
c:\users\cyl\documents\pd_2021_a\c2021-1\实验\myfivechess\myfivechess\myfivechess\x64\debug\myfivechess.obj
c:\users\cyl\documents\pd_2021_a\c2021-1\实验\myfivechess\myfivechess\myfivechess\x64\debug\myfivechess.nativecodeanalysis.xml
c:\users\cyl\documents\pd_2021_a\c2021-1\实验\myfivechess\myfivechess\myfivechess\x64\debug\vc.nativecodeanalysis.all.xml
c:\users\cyl\documents\pd_2021_a\c2021-1\实验\myfivechess\myfivechess\x64\debug\myfivechess.pdb
c:\users\cyl\documents\pd_2021_a\c2021-1\实验\myfivechess\myfivechess\myfivechess\x64\debug\myfivechess.tlog\cl.command.1.tlog
c:\users\cyl\documents\pd_2021_a\c2021-1\实验\myfivechess\myfivechess\myfivechess\x64\debug\myfivechess.tlog\cl.read.1.tlog
c:\users\cyl\documents\pd_2021_a\c2021-1\实验\myfivechess\myfivechess\myfivechess\x64\debug\myfivechess.tlog\cl.write.1.tlog
c:\users\cyl\documents\pd_2021_a\c2021-1\实验\myfivechess\myfivechess\myfivechess\x64\debug\myfivechess.tlog\link-cvtres.read.1.tlog
c:\users\cyl\documents\pd_2021_a\c2021-1\实验\myfivechess\myfivechess\myfivechess\x64\debug\myfivechess.tlog\link-cvtres.write.1.tlog
c:\users\cyl\documents\pd_2021_a\c2021-1\实验\myfivechess\myfivechess\myfivechess\x64\debug\myfivechess.tlog\link-rc.read.1.tlog
c:\users\cyl\documents\pd_2021_a\c2021-1\实验\myfivechess\myfivechess\myfivechess\x64\debug\myfivechess.tlog\link-rc.write.1.tlog
c:\users\cyl\documents\pd_2021_a\c2021-1\实验\myfivechess\myfivechess\myfivechess\x64\debug\myfivechess.tlog\link.59956-cvtres.read.1.tlog
c:\users\cyl\documents\pd_2021_a\c2021-1\实验\myfivechess\myfivechess\myfivechess\x64\debug\myfivechess.tlog\link.59956-cvtres.write.1.tlog
c:\users\cyl\documents\pd_2021_a\c2021-1\实验\myfivechess\myfivechess\myfivechess\x64\debug\myfivechess.tlog\link.59956-rc.read.1.tlog
c:\users\cyl\documents\pd_2021_a\c2021-1\实验\myfivechess\myfivechess\myfivechess\x64\debug\myfivechess.tlog\link.59956-rc.write.1.tlog
c:\users\cyl\documents\pd_2021_a\c2021-1\实验\myfivechess\myfivechess\myfivechess\x64\debug\myfivechess.tlog\link.59956.read.1.tlog
c:\users\cyl\documents\pd_2021_a\c2021-1\实验\myfivechess\myfivechess\myfivechess\x64\debug\myfivechess.tlog\link.59956.read.2.tlog
c:\users\cyl\documents\pd_2021_a\c2021-1\实验\myfivechess\myfivechess\myfivechess\x64\debug\myfivechess.tlog\link.59956.write.1.tlog
c:\users\cyl\documents\pd_2021_a\c2021-1\实验\myfivechess\myfivechess\myfivechess\x64\debug\myfivechess.tlog\link.command.1.tlog
c:\users\cyl\documents\pd_2021_a\c2021-1\实验\myfivechess\myfivechess\myfivechess\x64\debug\myfivechess.tlog\link.read.1.tlog
c:\users\cyl\documents\pd_2021_a\c2021-1\实验\myfivechess\myfivechess\myfivechess\x64\debug\myfivechess.tlog\link.read.2.tlog
c:\users\cyl\documents\pd_2021_a\c2021-1\实验\myfivechess\myfivechess\myfivechess\x64\debug\myfivechess.tlog\link.write.1.tlog
